.\bin\base.ilk
.\bin\base.pdb
C:\Users\farlei\Documents\GitHub\libEGL\projetos\simulador_2010\.\bin\base.exe
C:\USERS\FARLEI\DOCUMENTS\GITHUB\LIBEGL\PROJETOS\SIMULADOR_2010\BIN\BASE.EXE
C:\USERS\FARLEI\DOCUMENTS\GITHUB\LIBEGL\PROJETOS\SIMULADOR_2010\BIN\BASE.ILK
C:\USERS\FARLEI\DOCUMENTS\GITHUB\LIBEGL\PROJETOS\SIMULADOR_2010\BIN\BASE.PDB
C:\USERS\FARLEI\DOCUMENTS\GITHUB\LIBEGL\PROJETOS\SIMULADOR_2010\DEBUG\BASE.EXE.EMBED.MANIFEST
C:\USERS\FARLEI\DOCUMENTS\GITHUB\LIBEGL\PROJETOS\SIMULADOR_2010\DEBUG\BASE.EXE.EMBED.MANIFEST.RES
C:\USERS\FARLEI\DOCUMENTS\GITHUB\LIBEGL\PROJETOS\SIMULADOR_2010\DEBUG\BASE.EXE.INTERMEDIATE.MANIFEST
C:\Users\farlei\Documents\GitHub\libEGL\projetos\simulador_2010\Debug\base_manifest.rc
C:\Users\farlei\Documents\GitHub\libEGL\projetos\simulador_2010\Debug\cl.command.1.tlog
C:\Users\farlei\Documents\GitHub\libEGL\projetos\simulador_2010\Debug\CL.read.1.tlog
C:\Users\farlei\Documents\GitHub\libEGL\projetos\simulador_2010\Debug\CL.write.1.tlog
C:\Users\farlei\Documents\GitHub\libEGL\projetos\simulador_2010\Debug\link.2220.read.1.tlog
C:\Users\farlei\Documents\GitHub\libEGL\projetos\simulador_2010\Debug\link.2220.write.1.tlog
C:\Users\farlei\Documents\GitHub\libEGL\projetos\simulador_2010\Debug\link.2220-cvtres.read.1.tlog
C:\Users\farlei\Documents\GitHub\libEGL\projetos\simulador_2010\Debug\link.2220-cvtres.write.1.tlog
C:\Users\farlei\Documents\GitHub\libEGL\projetos\simulador_2010\Debug\link.2956.read.1.tlog
C:\Users\farlei\Documents\GitHub\libEGL\projetos\simulador_2010\Debug\link.2956.write.1.tlog
C:\Users\farlei\Documents\GitHub\libEGL\projetos\simulador_2010\Debug\link.2956-cvtres.read.1.tlog
C:\Users\farlei\Documents\GitHub\libEGL\projetos\simulador_2010\Debug\link.2956-cvtres.write.1.tlog
C:\Users\farlei\Documents\GitHub\libEGL\projetos\simulador_2010\Debug\link.5040.read.1.tlog
C:\Users\farlei\Documents\GitHub\libEGL\projetos\simulador_2010\Debug\link.5040.write.1.tlog
C:\Users\farlei\Documents\GitHub\libEGL\projetos\simulador_2010\Debug\link.5040-cvtres.read.1.tlog
C:\Users\farlei\Documents\GitHub\libEGL\projetos\simulador_2010\Debug\link.5040-cvtres.write.1.tlog
C:\Users\farlei\Documents\GitHub\libEGL\projetos\simulador_2010\Debug\link.5420.read.1.tlog
C:\Users\farlei\Documents\GitHub\libEGL\projetos\simulador_2010\Debug\link.5420.write.1.tlog
C:\Users\farlei\Documents\GitHub\libEGL\projetos\simulador_2010\Debug\link.5420-cvtres.read.1.tlog
C:\Users\farlei\Documents\GitHub\libEGL\projetos\simulador_2010\Debug\link.5420-cvtres.write.1.tlog
C:\Users\farlei\Documents\GitHub\libEGL\projetos\simulador_2010\Debug\link.5544.read.1.tlog
C:\Users\farlei\Documents\GitHub\libEGL\projetos\simulador_2010\Debug\link.5544.write.1.tlog
C:\Users\farlei\Documents\GitHub\libEGL\projetos\simulador_2010\Debug\link.5544-cvtres.read.1.tlog
C:\Users\farlei\Documents\GitHub\libEGL\projetos\simulador_2010\Debug\link.5544-cvtres.write.1.tlog
C:\Users\farlei\Documents\GitHub\libEGL\projetos\simulador_2010\Debug\link.5756.read.1.tlog
C:\Users\farlei\Documents\GitHub\libEGL\projetos\simulador_2010\Debug\link.5756.write.1.tlog
C:\Users\farlei\Documents\GitHub\libEGL\projetos\simulador_2010\Debug\link.5756-cvtres.read.1.tlog
C:\Users\farlei\Documents\GitHub\libEGL\projetos\simulador_2010\Debug\link.5756-cvtres.write.1.tlog
C:\Users\farlei\Documents\GitHub\libEGL\projetos\simulador_2010\Debug\link.5932.read.1.tlog
C:\Users\farlei\Documents\GitHub\libEGL\projetos\simulador_2010\Debug\link.5932.write.1.tlog
C:\Users\farlei\Documents\GitHub\libEGL\projetos\simulador_2010\Debug\link.5932-cvtres.read.1.tlog
C:\Users\farlei\Documents\GitHub\libEGL\projetos\simulador_2010\Debug\link.5932-cvtres.write.1.tlog
C:\Users\farlei\Documents\GitHub\libEGL\projetos\simulador_2010\Debug\link.command.1.tlog
C:\Users\farlei\Documents\GitHub\libEGL\projetos\simulador_2010\Debug\link.read.1.tlog
C:\Users\farlei\Documents\GitHub\libEGL\projetos\simulador_2010\Debug\link.write.1.tlog
C:\Users\farlei\Documents\GitHub\libEGL\projetos\simulador_2010\Debug\link-cvtres.read.1.tlog
C:\Users\farlei\Documents\GitHub\libEGL\projetos\simulador_2010\Debug\link-cvtres.write.1.tlog
C:\USERS\FARLEI\DOCUMENTS\GITHUB\LIBEGL\PROJETOS\SIMULADOR_2010\DEBUG\MAIN.OBJ
C:\Users\farlei\Documents\GitHub\libEGL\projetos\simulador_2010\Debug\mt.command.1.tlog
C:\Users\farlei\Documents\GitHub\libEGL\projetos\simulador_2010\Debug\mt.read.1.tlog
C:\Users\farlei\Documents\GitHub\libEGL\projetos\simulador_2010\Debug\mt.write.1.tlog
C:\Users\farlei\Documents\GitHub\libEGL\projetos\simulador_2010\Debug\rc.command.1.tlog
C:\Users\farlei\Documents\GitHub\libEGL\projetos\simulador_2010\Debug\rc.read.1.tlog
C:\Users\farlei\Documents\GitHub\libEGL\projetos\simulador_2010\Debug\rc.write.1.tlog
C:\USERS\FARLEI\DOCUMENTS\GITHUB\LIBEGL\PROJETOS\SIMULADOR_2010\DEBUG\ROBOBASE.OBJ
C:\USERS\FARLEI\DOCUMENTS\GITHUB\LIBEGL\PROJETOS\SIMULADOR_2010\DEBUG\ROBOLINHA.OBJ
C:\USERS\FARLEI\DOCUMENTS\GITHUB\LIBEGL\PROJETOS\SIMULADOR_2010\DEBUG\SIMULADOR.OBJ
C:\Users\farlei\Documents\GitHub\libEGL\projetos\simulador_2010\Debug\vc100.idb
C:\USERS\FARLEI\DOCUMENTS\GITHUB\LIBEGL\PROJETOS\SIMULADOR_2010\DEBUG\VC100.PDB
