Build started 22/09/2013 15:23:37.
     1>Project "C:\Users\farlei\Documents\GitHub\libEGL\projetos\simulador_2010\base.vcxproj" on node 2 (build target(s)).
     1>C:\Program Files (x86)\MSBuild\Microsoft.Cpp\v4.0\Microsoft.CppBuild.targets(299,5): warning MSB8004: Output Directory does not end with a trailing slash.  This build instance will add the slash as it is required to allow proper evaluation of the Output Directory.
     1>InitializeBuildStatus:
         Creating "Debug\base.unsuccessfulbuild" because "AlwaysCreate" was specified.
       ClCompile:
         c:\Program Files (x86)\Microsoft Visual Studio 10.0\VC\bin\CL.exe /c /I../../libEGL/include /I../../libEGL/SDL/include /ZI /nologo /W3 /WX- /Od /Oy- /D WIN32 /D _DEBUG /D _WINDOWS /D _UNICODE /D UNICODE /Gm /EHsc /RTC1 /MDd /GS /fp:precise /Zc:wchar_t /Zc:forScope /Fo"Debug\\" /Fd"Debug\vc100.pdb" /Gd /TP /analyze- /errorReport:prompt RoboLinha.cpp /I../../libEGL/ 
         RoboLinha.cpp
         DEBUG EGL4: added libs: sdl.lib sdlmain.lib sdl_image.lib (VS2010+)
     1>c:\users\farlei\documents\github\libegl\projetos\simulador_2010\robolinha.cpp(22): warning C4305: 'initializing' : truncation from 'double' to 'const float'
       ManifestResourceCompile:
         All outputs are up-to-date.
       Link:
         c:\Program Files (x86)\Microsoft Visual Studio 10.0\VC\bin\link.exe /ERRORREPORT:PROMPT /OUT:"bin\base.exe" /INCREMENTAL /NOLOGO kernel32.lib user32.lib gdi32.lib winspool.lib comdlg32.lib advapi32.lib shell32.lib ole32.lib oleaut32.lib uuid.lib odbc32.lib odbccp32.lib /MANIFEST /ManifestFile:"Debug\base.exe.intermediate.manifest" /MANIFESTUAC:"level='asInvoker' uiAccess='false'" /DEBUG /PDB:"C:\Users\farlei\Documents\GitHub\libEGL\projetos\simulador_2010\bin\base.pdb" /SUBSYSTEM:WINDOWS /TLBID:1 /DYNAMICBASE /NXCOMPAT /IMPLIB:".\bin\base.lib" /MACHINE:X86 Debug\base.exe.embed.manifest.res
         Debug\main.obj
         Debug\RoboBase.obj
         Debug\RoboLinha.obj
         Debug\Simulador.obj
       Manifest:
         C:\Program Files (x86)\Microsoft SDKs\Windows\v7.0A\bin\mt.exe /nologo /verbose /out:"Debug\base.exe.embed.manifest" /manifest Debug\base.exe.intermediate.manifest
         All outputs are up-to-date.
       LinkEmbedManifest:
         All outputs are up-to-date.
         base.vcxproj -> C:\Users\farlei\Documents\GitHub\libEGL\projetos\simulador_2010\.\bin\base.exe
       FinalizeBuildStatus:
         Deleting file "Debug\base.unsuccessfulbuild".
         Touching "Debug\base.lastbuildstate".
     1>Done Building Project "C:\Users\farlei\Documents\GitHub\libEGL\projetos\simulador_2010\base.vcxproj" (build target(s)).

Build succeeded.

Time Elapsed 00:00:01.13
